INFO	?	main	2016-12-31T07:44:11.715Z	org.javacs.Main#connectToNode	Connected to parent using socket on port 55282
INFO	?	main	2016-12-31T07:44:11.958Z	org.javacs.JavaLanguageServer#doLint	Lint [k:\Workspace\GitHub\java\jeesite\src\main\java\com\thinkgem\jeesite\common\utils\CacheUtils.java]
INFO	?	main	2016-12-31T07:44:12.465Z	org.javacs.JavaLanguageServer#buildClassPath	Emit classpath to C:\Users\zhout\AppData\Local\Temp\classpath7745697183123604950.txt
INFO	?	main	2016-12-31T07:44:20.590Z	org.javacs.JavaLanguageServer#sourceDirectories	Use default source directory src/main/java
INFO	?	main	2016-12-31T07:44:20.595Z	org.javacs.JavaLanguageServer#sourceDirectories	Use default test directory src/test/java
INFO	?	InitialIndex	2016-12-31T07:44:21.004Z	org.javacs.SymbolIndex$1#parseAll	Index k:\Workspace\GitHub\java\jeesite\src\test\java\com\thinkgem\jeesite\test\Test.java
INFO	?	InitialIndex	2016-12-31T07:44:21.013Z	org.javacs.SymbolIndex$1#parseAll	Index k:\Workspace\GitHub\java\jeesite\src\test\java\com\thinkgem\jeesite\tools\CodeCounter.java
INFO	?	InitialIndex	2016-12-31T07:44:21.076Z	org.javacs.SymbolIndex$1#parseAll	Index k:\Workspace\GitHub\java\jeesite\src\main\java\com\thinkgem\jeesite\common\annotation\FieldName.java
INFO	?	InitialIndex	2016-12-31T07:44:21.079Z	org.javacs.SymbolIndex$1#parseAll	Index k:\Workspace\GitHub\java\jeesite\src\main\java\com\thinkgem\jeesite\common\beanvalidator\AddGroup.java
INFO	?	InitialIndex	2016-12-31T07:44:21.080Z	org.javacs.SymbolIndex$1#parseAll	Index k:\Workspace\GitHub\java\jeesite\src\main\java\com\thinkgem\jeesite\common\beanvalidator\BeanValidators.java
INFO	?	InitialIndex	2016-12-31T07:44:21.087Z	org.javacs.SymbolIndex$1#parseAll	Index k:\Workspace\GitHub\java\jeesite\src\main\java\com\thinkgem\jeesite\common\beanvalidator\DefaultGroup.java
INFO	?	InitialIndex	2016-12-31T07:44:21.089Z	org.javacs.SymbolIndex$1#parseAll	Index k:\Workspace\GitHub\java\jeesite\src\main\java\com\thinkgem\jeesite\common\beanvalidator\EditGroup.java
INFO	?	InitialIndex	2016-12-31T07:44:21.095Z	org.javacs.SymbolIndex$1#parseAll	Index k:\Workspace\GitHub\java\jeesite\src\main\java\com\thinkgem\jeesite\common\config\Global.java
INFO	?	InitialIndex	2016-12-31T07:44:21.104Z	org.javacs.SymbolIndex$1#parseAll	Index k:\Workspace\GitHub\java\jeesite\src\main\java\com\thinkgem\jeesite\common\filter\PageCachingFilter.java
INFO	?	InitialIndex	2016-12-31T07:44:21.141Z	org.javacs.SymbolIndex$1#parseAll	Index k:\Workspace\GitHub\java\jeesite\src\main\java\com\thinkgem\jeesite\common\mapper\adapters\MapAdapter.java
INFO	?	InitialIndex	2016-12-31T07:44:21.169Z	org.javacs.SymbolIndex$1#parseAll	Index k:\Workspace\GitHub\java\jeesite\src\main\java\com\thinkgem\jeesite\common\mapper\adapters\MapConvertor.java
INFO	?	InitialIndex	2016-12-31T07:44:21.197Z	org.javacs.SymbolIndex$1#parseAll	Index k:\Workspace\GitHub\java\jeesite\src\main\java\com\thinkgem\jeesite\common\mapper\BeanMapper.java
INFO	?	InitialIndex	2016-12-31T07:44:21.229Z	org.javacs.SymbolIndex$1#parseAll	Index k:\Workspace\GitHub\java\jeesite\src\main\java\com\thinkgem\jeesite\common\mapper\JaxbMapper.java
INFO	?	InitialIndex	2016-12-31T07:44:21.271Z	org.javacs.SymbolIndex$1#parseAll	Index k:\Workspace\GitHub\java\jeesite\src\main\java\com\thinkgem\jeesite\common\mapper\JsonMapper.java
INFO	?	InitialIndex	2016-12-31T07:44:21.312Z	org.javacs.SymbolIndex$1#parseAll	Index k:\Workspace\GitHub\java\jeesite\src\main\java\com\thinkgem\jeesite\common\persistence\ActEntity.java
INFO	?	InitialIndex	2016-12-31T07:44:21.357Z	org.javacs.SymbolIndex$1#parseAll	Index k:\Workspace\GitHub\java\jeesite\src\main\java\com\thinkgem\jeesite\common\persistence\annotation\MyBatisDao.java
INFO	?	InitialIndex	2016-12-31T07:44:21.389Z	org.javacs.SymbolIndex$1#parseAll	Index k:\Workspace\GitHub\java\jeesite\src\main\java\com\thinkgem\jeesite\common\persistence\BaseDao.java
INFO	?	InitialIndex	2016-12-31T07:44:21.394Z	org.javacs.SymbolIndex$1#parseAll	Index k:\Workspace\GitHub\java\jeesite\src\main\java\com\thinkgem\jeesite\common\persistence\BaseEntity.java
INFO	?	InitialIndex	2016-12-31T07:44:21.416Z	org.javacs.SymbolIndex$1#parseAll	Index k:\Workspace\GitHub\java\jeesite\src\main\java\com\thinkgem\jeesite\common\persistence\CrudDao.java
INFO	?	InitialIndex	2016-12-31T07:44:21.441Z	org.javacs.SymbolIndex$1#parseAll	Index k:\Workspace\GitHub\java\jeesite\src\main\java\com\thinkgem\jeesite\common\persistence\DataEntity.java
INFO	?	InitialIndex	2016-12-31T07:44:21.494Z	org.javacs.SymbolIndex$1#parseAll	Index k:\Workspace\GitHub\java\jeesite\src\main\java\com\thinkgem\jeesite\common\persistence\dialect\db\DB2Dialect.java
INFO	?	InitialIndex	2016-12-31T07:44:21.525Z	org.javacs.SymbolIndex$1#parseAll	Index k:\Workspace\GitHub\java\jeesite\src\main\java\com\thinkgem\jeesite\common\persistence\dialect\db\DerbyDialect.java
INFO	?	InitialIndex	2016-12-31T07:44:21.558Z	org.javacs.SymbolIndex$1#parseAll	Index k:\Workspace\GitHub\java\jeesite\src\main\java\com\thinkgem\jeesite\common\persistence\dialect\db\H2Dialect.java
INFO	?	InitialIndex	2016-12-31T07:44:21.578Z	org.javacs.SymbolIndex$1#parseAll	Index k:\Workspace\GitHub\java\jeesite\src\main\java\com\thinkgem\jeesite\common\persistence\dialect\db\HSQLDialect.java
INFO	?	InitialIndex	2016-12-31T07:44:21.592Z	org.javacs.SymbolIndex$1#parseAll	Index k:\Workspace\GitHub\java\jeesite\src\main\java\com\thinkgem\jeesite\common\persistence\dialect\db\MySQLDialect.java
INFO	?	InitialIndex	2016-12-31T07:44:21.608Z	org.javacs.SymbolIndex$1#parseAll	Index k:\Workspace\GitHub\java\jeesite\src\main\java\com\thinkgem\jeesite\common\persistence\dialect\db\OracleDialect.java
INFO	?	InitialIndex	2016-12-31T07:44:21.634Z	org.javacs.SymbolIndex$1#parseAll	Index k:\Workspace\GitHub\java\jeesite\src\main\java\com\thinkgem\jeesite\common\persistence\dialect\db\PostgreSQLDialect.java
INFO	?	InitialIndex	2016-12-31T07:44:21.648Z	org.javacs.SymbolIndex$1#parseAll	Index k:\Workspace\GitHub\java\jeesite\src\main\java\com\thinkgem\jeesite\common\persistence\dialect\db\SQLServer2005Dialect.java
INFO	?	InitialIndex	2016-12-31T07:44:21.669Z	org.javacs.SymbolIndex$1#parseAll	Index k:\Workspace\GitHub\java\jeesite\src\main\java\com\thinkgem\jeesite\common\persistence\dialect\db\SQLServerDialect.java
INFO	?	InitialIndex	2016-12-31T07:44:21.696Z	org.javacs.SymbolIndex$1#parseAll	Index k:\Workspace\GitHub\java\jeesite\src\main\java\com\thinkgem\jeesite\common\persistence\dialect\db\SybaseDialect.java
INFO	?	InitialIndex	2016-12-31T07:44:21.718Z	org.javacs.SymbolIndex$1#parseAll	Index k:\Workspace\GitHub\java\jeesite\src\main\java\com\thinkgem\jeesite\common\persistence\dialect\Dialect.java
INFO	?	InitialIndex	2016-12-31T07:44:21.735Z	org.javacs.SymbolIndex$1#parseAll	Index k:\Workspace\GitHub\java\jeesite\src\main\java\com\thinkgem\jeesite\common\persistence\interceptor\BaseInterceptor.java
INFO	?	InitialIndex	2016-12-31T07:44:21.767Z	org.javacs.SymbolIndex$1#parseAll	Index k:\Workspace\GitHub\java\jeesite\src\main\java\com\thinkgem\jeesite\common\persistence\interceptor\PaginationInterceptor.java
INFO	?	InitialIndex	2016-12-31T07:44:21.793Z	org.javacs.SymbolIndex$1#parseAll	Index k:\Workspace\GitHub\java\jeesite\src\main\java\com\thinkgem\jeesite\common\persistence\interceptor\PreparePaginationInterceptor.java
INFO	?	InitialIndex	2016-12-31T07:44:21.827Z	org.javacs.SymbolIndex$1#parseAll	Index k:\Workspace\GitHub\java\jeesite\src\main\java\com\thinkgem\jeesite\common\persistence\interceptor\SQLHelper.java
INFO	?	InitialIndex	2016-12-31T07:44:21.840Z	org.javacs.SymbolIndex$1#parseAll	Index k:\Workspace\GitHub\java\jeesite\src\main\java\com\thinkgem\jeesite\common\persistence\MapperLoader.java
INFO	?	InitialIndex	2016-12-31T07:44:21.865Z	org.javacs.SymbolIndex$1#parseAll	Index k:\Workspace\GitHub\java\jeesite\src\main\java\com\thinkgem\jeesite\common\persistence\Page.java
INFO	?	InitialIndex	2016-12-31T07:44:21.899Z	org.javacs.SymbolIndex$1#parseAll	Index k:\Workspace\GitHub\java\jeesite\src\main\java\com\thinkgem\jeesite\common\persistence\Parameter.java
INFO	?	InitialIndex	2016-12-31T07:44:21.938Z	org.javacs.SymbolIndex$1#parseAll	Index k:\Workspace\GitHub\java\jeesite\src\main\java\com\thinkgem\jeesite\common\persistence\proxy\PageConfiguration.java
INFO	?	InitialIndex	2016-12-31T07:44:21.988Z	org.javacs.SymbolIndex$1#parseAll	Index k:\Workspace\GitHub\java\jeesite\src\main\java\com\thinkgem\jeesite\common\persistence\proxy\PaginationMapperMethod.java
INFO	?	InitialIndex	2016-12-31T07:44:22.038Z	org.javacs.SymbolIndex$1#parseAll	Index k:\Workspace\GitHub\java\jeesite\src\main\java\com\thinkgem\jeesite\common\persistence\proxy\PaginationMapperProxy.java
INFO	?	InitialIndex	2016-12-31T07:44:22.077Z	org.javacs.SymbolIndex$1#parseAll	Index k:\Workspace\GitHub\java\jeesite\src\main\java\com\thinkgem\jeesite\common\persistence\proxy\PaginationMapperRegistry.java
INFO	?	InitialIndex	2016-12-31T07:44:22.111Z	org.javacs.SymbolIndex$1#parseAll	Index k:\Workspace\GitHub\java\jeesite\src\main\java\com\thinkgem\jeesite\common\persistence\TreeDao.java
INFO	?	InitialIndex	2016-12-31T07:44:22.117Z	org.javacs.SymbolIndex$1#parseAll	Index k:\Workspace\GitHub\java\jeesite\src\main\java\com\thinkgem\jeesite\common\persistence\TreeEntity.java
INFO	?	InitialIndex	2016-12-31T07:44:22.145Z	org.javacs.SymbolIndex$1#parseAll	Index k:\Workspace\GitHub\java\jeesite\src\main\java\com\thinkgem\jeesite\common\security\Cryptos.java
INFO	?	InitialIndex	2016-12-31T07:44:22.161Z	org.javacs.SymbolIndex$1#parseAll	Index k:\Workspace\GitHub\java\jeesite\src\main\java\com\thinkgem\jeesite\common\security\Digests.java
INFO	?	InitialIndex	2016-12-31T07:44:22.180Z	org.javacs.SymbolIndex$1#parseAll	Index k:\Workspace\GitHub\java\jeesite\src\main\java\com\thinkgem\jeesite\common\security\shiro\cache\JedisCacheManager.java
INFO	?	InitialIndex	2016-12-31T07:44:22.200Z	org.javacs.SymbolIndex$1#parseAll	Index k:\Workspace\GitHub\java\jeesite\src\main\java\com\thinkgem\jeesite\common\security\shiro\cache\SessionCacheManager.java
INFO	?	InitialIndex	2016-12-31T07:44:22.218Z	org.javacs.SymbolIndex$1#parseAll	Index k:\Workspace\GitHub\java\jeesite\src\main\java\com\thinkgem\jeesite\common\security\shiro\HasAnyPermissionsTag.java
INFO	?	InitialIndex	2016-12-31T07:44:22.227Z	org.javacs.SymbolIndex$1#parseAll	Index k:\Workspace\GitHub\java\jeesite\src\main\java\com\thinkgem\jeesite\common\security\shiro\session\CacheSessionDAO.java
INFO	?	InitialIndex	2016-12-31T07:44:22.249Z	org.javacs.SymbolIndex$1#parseAll	Index k:\Workspace\GitHub\java\jeesite\src\main\java\com\thinkgem\jeesite\common\security\shiro\session\JedisSessionDAO.java
INFO	?	InitialIndex	2016-12-31T07:44:22.277Z	org.javacs.SymbolIndex$1#parseAll	Index k:\Workspace\GitHub\java\jeesite\src\main\java\com\thinkgem\jeesite\common\security\shiro\session\SessionDAO.java
INFO	?	InitialIndex	2016-12-31T07:44:22.289Z	org.javacs.SymbolIndex$1#parseAll	Index k:\Workspace\GitHub\java\jeesite\src\main\java\com\thinkgem\jeesite\common\security\shiro\session\SessionManager.java
INFO	?	InitialIndex	2016-12-31T07:44:22.300Z	org.javacs.SymbolIndex$1#parseAll	Index k:\Workspace\GitHub\java\jeesite\src\main\java\com\thinkgem\jeesite\common\service\BaseService.java
INFO	?	InitialIndex	2016-12-31T07:44:22.327Z	org.javacs.SymbolIndex$1#parseAll	Index k:\Workspace\GitHub\java\jeesite\src\main\java\com\thinkgem\jeesite\common\service\CrudService.java
INFO	?	InitialIndex	2016-12-31T07:44:22.343Z	org.javacs.SymbolIndex$1#parseAll	Index k:\Workspace\GitHub\java\jeesite\src\main\java\com\thinkgem\jeesite\common\service\ServiceException.java
INFO	?	InitialIndex	2016-12-31T07:44:22.349Z	org.javacs.SymbolIndex$1#parseAll	Index k:\Workspace\GitHub\java\jeesite\src\main\java\com\thinkgem\jeesite\common\service\TreeService.java
INFO	?	InitialIndex	2016-12-31T07:44:22.364Z	org.javacs.SymbolIndex$1#parseAll	Index k:\Workspace\GitHub\java\jeesite\src\main\java\com\thinkgem\jeesite\common\servlet\UserfilesDownloadServlet.java
INFO	?	InitialIndex	2016-12-31T07:44:22.383Z	org.javacs.SymbolIndex$1#parseAll	Index k:\Workspace\GitHub\java\jeesite\src\main\java\com\thinkgem\jeesite\common\servlet\ValidateCodeServlet.java
INFO	?	InitialIndex	2016-12-31T07:44:22.406Z	org.javacs.SymbolIndex$1#parseAll	Index k:\Workspace\GitHub\java\jeesite\src\main\java\com\thinkgem\jeesite\common\supcan\annotation\common\fonts\SupFont.java
INFO	?	InitialIndex	2016-12-31T07:44:22.483Z	org.javacs.SymbolIndex$1#parseAll	Index k:\Workspace\GitHub\java\jeesite\src\main\java\com\thinkgem\jeesite\common\supcan\annotation\common\properties\SupBackground.java
INFO	?	InitialIndex	2016-12-31T07:44:22.512Z	org.javacs.SymbolIndex$1#parseAll	Index k:\Workspace\GitHub\java\jeesite\src\main\java\com\thinkgem\jeesite\common\supcan\annotation\common\properties\SupExpress.java
INFO	?	InitialIndex	2016-12-31T07:44:22.542Z	org.javacs.SymbolIndex$1#parseAll	Index k:\Workspace\GitHub\java\jeesite\src\main\java\com\thinkgem\jeesite\common\supcan\annotation\common\properties\SupProperties.java
INFO	?	InitialIndex	2016-12-31T07:44:22.596Z	org.javacs.SymbolIndex$1#parseAll	Index k:\Workspace\GitHub\java\jeesite\src\main\java\com\thinkgem\jeesite\common\supcan\annotation\treelist\cols\SupCol.java
INFO	?	InitialIndex	2016-12-31T07:44:22.626Z	org.javacs.SymbolIndex$1#parseAll	Index k:\Workspace\GitHub\java\jeesite\src\main\java\com\thinkgem\jeesite\common\supcan\annotation\treelist\cols\SupGroup.java
INFO	?	InitialIndex	2016-12-31T07:44:22.641Z	org.javacs.SymbolIndex$1#parseAll	Index k:\Workspace\GitHub\java\jeesite\src\main\java\com\thinkgem\jeesite\common\supcan\annotation\treelist\SupTreeList.java
INFO	?	InitialIndex	2016-12-31T07:44:22.661Z	org.javacs.SymbolIndex$1#parseAll	Index k:\Workspace\GitHub\java\jeesite\src\main\java\com\thinkgem\jeesite\common\supcan\common\Common.java
INFO	?	InitialIndex	2016-12-31T07:44:22.706Z	org.javacs.SymbolIndex$1#parseAll	Index k:\Workspace\GitHub\java\jeesite\src\main\java\com\thinkgem\jeesite\common\supcan\common\fonts\Font.java
INFO	?	InitialIndex	2016-12-31T07:44:22.740Z	org.javacs.SymbolIndex$1#parseAll	Index k:\Workspace\GitHub\java\jeesite\src\main\java\com\thinkgem\jeesite\common\supcan\common\properties\Background.java
INFO	?	InitialIndex	2016-12-31T07:44:22.748Z	org.javacs.SymbolIndex$1#parseAll	Index k:\Workspace\GitHub\java\jeesite\src\main\java\com\thinkgem\jeesite\common\supcan\common\properties\Express.java
INFO	?	InitialIndex	2016-12-31T07:44:22.764Z	org.javacs.SymbolIndex$1#parseAll	Index k:\Workspace\GitHub\java\jeesite\src\main\java\com\thinkgem\jeesite\common\supcan\common\properties\Properties.java
INFO	?	InitialIndex	2016-12-31T07:44:22.797Z	org.javacs.SymbolIndex$1#parseAll	Index k:\Workspace\GitHub\java\jeesite\src\main\java\com\thinkgem\jeesite\common\supcan\freeform\FreeForm.java
INFO	?	InitialIndex	2016-12-31T07:44:22.820Z	org.javacs.SymbolIndex$1#parseAll	Index k:\Workspace\GitHub\java\jeesite\src\main\java\com\thinkgem\jeesite\common\supcan\SupcanController.java
INFO	?	InitialIndex	2016-12-31T07:44:22.846Z	org.javacs.SymbolIndex$1#parseAll	Index k:\Workspace\GitHub\java\jeesite\src\main\java\com\thinkgem\jeesite\common\supcan\treelist\cols\Col.java
INFO	?	InitialIndex	2016-12-31T07:44:22.876Z	org.javacs.SymbolIndex$1#parseAll	Index k:\Workspace\GitHub\java\jeesite\src\main\java\com\thinkgem\jeesite\common\supcan\treelist\cols\Group.java
INFO	?	InitialIndex	2016-12-31T07:44:22.923Z	org.javacs.SymbolIndex$1#parseAll	Index k:\Workspace\GitHub\java\jeesite\src\main\java\com\thinkgem\jeesite\common\supcan\treelist\TreeList.java
INFO	?	InitialIndex	2016-12-31T07:44:22.950Z	org.javacs.SymbolIndex$1#parseAll	Index k:\Workspace\GitHub\java\jeesite\src\main\java\com\thinkgem\jeesite\common\test\SpringTransactionalContextTests.java
INFO	?	InitialIndex	2016-12-31T07:44:22.983Z	org.javacs.SymbolIndex$1#parseAll	Index k:\Workspace\GitHub\java\jeesite\src\main\java\com\thinkgem\jeesite\common\utils\CacheUtils.java
INFO	?	InitialIndex	2016-12-31T07:44:22.988Z	org.javacs.SymbolIndex$1#parseAll	Index k:\Workspace\GitHub\java\jeesite\src\main\java\com\thinkgem\jeesite\common\utils\Collections3.java
INFO	?	InitialIndex	2016-12-31T07:44:23.025Z	org.javacs.SymbolIndex$1#parseAll	Index k:\Workspace\GitHub\java\jeesite\src\main\java\com\thinkgem\jeesite\common\utils\CookieUtils.java
INFO	?	InitialIndex	2016-12-31T07:44:23.054Z	org.javacs.SymbolIndex$1#parseAll	Index k:\Workspace\GitHub\java\jeesite\src\main\java\com\thinkgem\jeesite\common\utils\DateUtils.java
INFO	?	InitialIndex	2016-12-31T07:44:23.073Z	org.javacs.SymbolIndex$1#parseAll	Index k:\Workspace\GitHub\java\jeesite\src\main\java\com\thinkgem\jeesite\common\utils\EhCacheUtils.java
INFO	?	InitialIndex	2016-12-31T07:44:23.089Z	org.javacs.SymbolIndex$1#parseAll	Index k:\Workspace\GitHub\java\jeesite\src\main\java\com\thinkgem\jeesite\common\utils\Encodes.java
INFO	?	InitialIndex	2016-12-31T07:44:23.099Z	org.javacs.SymbolIndex$1#parseAll	Index k:\Workspace\GitHub\java\jeesite\src\main\java\com\thinkgem\jeesite\common\utils\excel\annotation\ExcelField.java
INFO	?	InitialIndex	2016-12-31T07:44:23.116Z	org.javacs.SymbolIndex$1#parseAll	Index k:\Workspace\GitHub\java\jeesite\src\main\java\com\thinkgem\jeesite\common\utils\excel\ExportExcel.java
INFO	?	InitialIndex	2016-12-31T07:44:23.133Z	org.javacs.SymbolIndex$1#parseAll	Index k:\Workspace\GitHub\java\jeesite\src\main\java\com\thinkgem\jeesite\common\utils\excel\fieldtype\AreaType.java
INFO	?	InitialIndex	2016-12-31T07:44:23.140Z	org.javacs.SymbolIndex$1#parseAll	Index k:\Workspace\GitHub\java\jeesite\src\main\java\com\thinkgem\jeesite\common\utils\excel\fieldtype\OfficeType.java
INFO	?	InitialIndex	2016-12-31T07:44:23.159Z	org.javacs.SymbolIndex$1#parseAll	Index k:\Workspace\GitHub\java\jeesite\src\main\java\com\thinkgem\jeesite\common\utils\excel\fieldtype\RoleListType.java
INFO	?	InitialIndex	2016-12-31T07:44:23.168Z	org.javacs.SymbolIndex$1#parseAll	Index k:\Workspace\GitHub\java\jeesite\src\main\java\com\thinkgem\jeesite\common\utils\excel\ImportExcel.java
INFO	?	InitialIndex	2016-12-31T07:44:23.203Z	org.javacs.SymbolIndex$1#parseAll	Index k:\Workspace\GitHub\java\jeesite\src\main\java\com\thinkgem\jeesite\common\utils\Exceptions.java
INFO	?	InitialIndex	2016-12-31T07:44:23.217Z	org.javacs.SymbolIndex$1#parseAll	Index k:\Workspace\GitHub\java\jeesite\src\main\java\com\thinkgem\jeesite\common\utils\FileSizeHelper.java
INFO	?	InitialIndex	2016-12-31T07:44:23.229Z	org.javacs.SymbolIndex$1#parseAll	Index k:\Workspace\GitHub\java\jeesite\src\main\java\com\thinkgem\jeesite\common\utils\FileUtils.java
INFO	?	InitialIndex	2016-12-31T07:44:23.270Z	org.javacs.SymbolIndex$1#parseAll	Index k:\Workspace\GitHub\java\jeesite\src\main\java\com\thinkgem\jeesite\common\utils\FreeMarkers.java
INFO	?	InitialIndex	2016-12-31T07:44:23.288Z	org.javacs.SymbolIndex$1#parseAll	Index k:\Workspace\GitHub\java\jeesite\src\main\java\com\thinkgem\jeesite\common\utils\IdcardUtils.java
INFO	?	InitialIndex	2016-12-31T07:44:23.326Z	org.javacs.SymbolIndex$1#parseAll	Index k:\Workspace\GitHub\java\jeesite\src\main\java\com\thinkgem\jeesite\common\utils\IdGen.java
INFO	?	InitialIndex	2016-12-31T07:44:23.347Z	org.javacs.SymbolIndex$1#parseAll	Index k:\Workspace\GitHub\java\jeesite\src\main\java\com\thinkgem\jeesite\common\utils\ImageGeo.java
INFO	?	InitialIndex	2016-12-31T07:44:23.372Z	org.javacs.SymbolIndex$1#parseAll	Index k:\Workspace\GitHub\java\jeesite\src\main\java\com\thinkgem\jeesite\common\utils\JedisUtils.java
INFO	?	InitialIndex	2016-12-31T07:44:23.409Z	org.javacs.SymbolIndex$1#parseAll	Index k:\Workspace\GitHub\java\jeesite\src\main\java\com\thinkgem\jeesite\common\utils\MacUtils.java
INFO	?	InitialIndex	2016-12-31T07:44:23.464Z	org.javacs.SymbolIndex$1#parseAll	Index k:\Workspace\GitHub\java\jeesite\src\main\java\com\thinkgem\jeesite\common\utils\ObjectUtils.java
INFO	?	InitialIndex	2016-12-31T07:44:23.479Z	org.javacs.SymbolIndex$1#parseAll	Index k:\Workspace\GitHub\java\jeesite\src\main\java\com\thinkgem\jeesite\common\utils\OrderProperties.java
INFO	?	InitialIndex	2016-12-31T07:44:23.525Z	org.javacs.SymbolIndex$1#parseAll	Index k:\Workspace\GitHub\java\jeesite\src\main\java\com\thinkgem\jeesite\common\utils\PropertiesLoader.java
INFO	?	InitialIndex	2016-12-31T07:44:23.540Z	org.javacs.SymbolIndex$1#parseAll	Index k:\Workspace\GitHub\java\jeesite\src\main\java\com\thinkgem\jeesite\common\utils\Reflections.java
INFO	?	InitialIndex	2016-12-31T07:44:23.555Z	org.javacs.SymbolIndex$1#parseAll	Index k:\Workspace\GitHub\java\jeesite\src\main\java\com\thinkgem\jeesite\common\utils\SendMailUtil.java
INFO	?	InitialIndex	2016-12-31T07:44:23.574Z	org.javacs.SymbolIndex$1#parseAll	Index k:\Workspace\GitHub\java\jeesite\src\main\java\com\thinkgem\jeesite\common\utils\SpringContextHolder.java
INFO	?	InitialIndex	2016-12-31T07:44:23.616Z	org.javacs.SymbolIndex$1#parseAll	Index k:\Workspace\GitHub\java\jeesite\src\main\java\com\thinkgem\jeesite\common\utils\StreamUtils.java
INFO	?	InitialIndex	2016-12-31T07:44:23.652Z	org.javacs.SymbolIndex$1#parseAll	Index k:\Workspace\GitHub\java\jeesite\src\main\java\com\thinkgem\jeesite\common\utils\StringUtils.java
INFO	?	InitialIndex	2016-12-31T07:44:23.694Z	org.javacs.SymbolIndex$1#parseAll	Index k:\Workspace\GitHub\java\jeesite\src\main\java\com\thinkgem\jeesite\common\utils\SystemPath.java
INFO	?	InitialIndex	2016-12-31T07:44:23.733Z	org.javacs.SymbolIndex$1#parseAll	Index k:\Workspace\GitHub\java\jeesite\src\main\java\com\thinkgem\jeesite\common\utils\Threads.java
INFO	?	InitialIndex	2016-12-31T07:44:23.753Z	org.javacs.SymbolIndex$1#parseAll	Index k:\Workspace\GitHub\java\jeesite\src\main\java\com\thinkgem\jeesite\common\utils\TimeUtils.java
INFO	?	InitialIndex	2016-12-31T07:44:23.787Z	org.javacs.SymbolIndex$1#parseAll	Index k:\Workspace\GitHub\java\jeesite\src\main\java\com\thinkgem\jeesite\common\utils\UploadUtils.java
INFO	?	InitialIndex	2016-12-31T07:44:23.808Z	org.javacs.SymbolIndex$1#parseAll	Index k:\Workspace\GitHub\java\jeesite\src\main\java\com\thinkgem\jeesite\common\utils\UserAgentUtils.java
INFO	?	InitialIndex	2016-12-31T07:44:23.836Z	org.javacs.SymbolIndex$1#parseAll	Index k:\Workspace\GitHub\java\jeesite\src\main\java\com\thinkgem\jeesite\common\utils\WorkDayUtils.java
INFO	?	InitialIndex	2016-12-31T07:44:23.863Z	org.javacs.SymbolIndex$1#parseAll	Index k:\Workspace\GitHub\java\jeesite\src\main\java\com\thinkgem\jeesite\common\utils\ZxingHandler.java
INFO	?	InitialIndex	2016-12-31T07:44:23.872Z	org.javacs.SymbolIndex$1#parseAll	Index k:\Workspace\GitHub\java\jeesite\src\main\java\com\thinkgem\jeesite\common\web\BaseController.java
INFO	?	InitialIndex	2016-12-31T07:44:23.877Z	org.javacs.SymbolIndex$1#parseAll	Index k:\Workspace\GitHub\java\jeesite\src\main\java\com\thinkgem\jeesite\common\web\CKFinderConfig.java
INFO	?	InitialIndex	2016-12-31T07:44:23.890Z	org.javacs.SymbolIndex$1#parseAll	Index k:\Workspace\GitHub\java\jeesite\src\main\java\com\thinkgem\jeesite\common\web\CKFinderConnectorServlet.java
INFO	?	InitialIndex	2016-12-31T07:44:23.911Z	org.javacs.SymbolIndex$1#parseAll	Index k:\Workspace\GitHub\java\jeesite\src\main\java\com\thinkgem\jeesite\common\web\Servlets.java
INFO	?	InitialIndex	2016-12-31T07:44:23.937Z	org.javacs.SymbolIndex$1#parseAll	Index k:\Workspace\GitHub\java\jeesite\src\main\java\com\thinkgem\jeesite\common\xstream\DateTimeConverter.java
INFO	?	InitialIndex	2016-12-31T07:44:23.965Z	org.javacs.SymbolIndex$1#parseAll	Index k:\Workspace\GitHub\java\jeesite\src\main\java\com\thinkgem\jeesite\modules\act\dao\ActDao.java
INFO	?	InitialIndex	2016-12-31T07:44:23.977Z	org.javacs.SymbolIndex$1#parseAll	Index k:\Workspace\GitHub\java\jeesite\src\main\java\com\thinkgem\jeesite\modules\act\entity\Act.java
INFO	?	InitialIndex	2016-12-31T07:44:24.001Z	org.javacs.SymbolIndex$1#parseAll	Index k:\Workspace\GitHub\java\jeesite\src\main\java\com\thinkgem\jeesite\modules\act\rest\diagram\services\BaseProcessDefinitionDiagramLayoutResource.java
INFO	?	InitialIndex	2016-12-31T07:44:24.055Z	org.javacs.SymbolIndex$1#parseAll	Index k:\Workspace\GitHub\java\jeesite\src\main\java\com\thinkgem\jeesite\modules\act\rest\diagram\services\ProcessDefinitionDiagramLayoutResource.java
INFO	?	InitialIndex	2016-12-31T07:44:24.068Z	org.javacs.SymbolIndex$1#parseAll	Index k:\Workspace\GitHub\java\jeesite\src\main\java\com\thinkgem\jeesite\modules\act\rest\diagram\services\ProcessInstanceDiagramLayoutResource.java
INFO	?	InitialIndex	2016-12-31T07:44:24.101Z	org.javacs.SymbolIndex$1#parseAll	Index k:\Workspace\GitHub\java\jeesite\src\main\java\com\thinkgem\jeesite\modules\act\rest\diagram\services\ProcessInstanceHighlightsResource.java
INFO	?	InitialIndex	2016-12-31T07:44:24.146Z	org.javacs.SymbolIndex$1#parseAll	Index k:\Workspace\GitHub\java\jeesite\src\main\java\com\thinkgem\jeesite\modules\act\rest\editor\main\StencilsetRestResource.java
INFO	?	InitialIndex	2016-12-31T07:44:24.172Z	org.javacs.SymbolIndex$1#parseAll	Index k:\Workspace\GitHub\java\jeesite\src\main\java\com\thinkgem\jeesite\modules\act\rest\editor\model\ModelEditorJsonRestResource.java
INFO	?	InitialIndex	2016-12-31T07:44:24.186Z	org.javacs.SymbolIndex$1#parseAll	Index k:\Workspace\GitHub\java\jeesite\src\main\java\com\thinkgem\jeesite\modules\act\rest\editor\model\ModelSaveRestResource.java
INFO	?	InitialIndex	2016-12-31T07:44:24.207Z	org.javacs.SymbolIndex$1#parseAll	Index k:\Workspace\GitHub\java\jeesite\src\main\java\com\thinkgem\jeesite\modules\act\rest\servlet\FilterServletOutputStream.java
INFO	?	InitialIndex	2016-12-31T07:44:24.218Z	org.javacs.SymbolIndex$1#parseAll	Index k:\Workspace\GitHub\java\jeesite\src\main\java\com\thinkgem\jeesite\modules\act\rest\servlet\GenericResponseWrapper.java
INFO	?	InitialIndex	2016-12-31T07:44:24.229Z	org.javacs.SymbolIndex$1#parseAll	Index k:\Workspace\GitHub\java\jeesite\src\main\java\com\thinkgem\jeesite\modules\act\rest\servlet\JsonpCallbackFilter.java
INFO	?	InitialIndex	2016-12-31T07:44:24.241Z	org.javacs.SymbolIndex$1#parseAll	Index k:\Workspace\GitHub\java\jeesite\src\main\java\com\thinkgem\jeesite\modules\act\service\ActModelService.java
INFO	?	InitialIndex	2016-12-31T07:44:24.262Z	org.javacs.SymbolIndex$1#parseAll	Index k:\Workspace\GitHub\java\jeesite\src\main\java\com\thinkgem\jeesite\modules\act\service\ActProcessService.java
INFO	?	InitialIndex	2016-12-31T07:44:24.293Z	org.javacs.SymbolIndex$1#parseAll	Index k:\Workspace\GitHub\java\jeesite\src\main\java\com\thinkgem\jeesite\modules\act\service\ActTaskService.java
INFO	?	InitialIndex	2016-12-31T07:44:24.318Z	org.javacs.SymbolIndex$1#parseAll	Index k:\Workspace\GitHub\java\jeesite\src\main\java\com\thinkgem\jeesite\modules\act\service\cmd\CreateAndTakeTransitionCmd.java
INFO	?	InitialIndex	2016-12-31T07:44:24.337Z	org.javacs.SymbolIndex$1#parseAll	Index k:\Workspace\GitHub\java\jeesite\src\main\java\com\thinkgem\jeesite\modules\act\service\cmd\JumpTaskCmd.java
INFO	?	InitialIndex	2016-12-31T07:44:24.351Z	org.javacs.SymbolIndex$1#parseAll	Index k:\Workspace\GitHub\java\jeesite\src\main\java\com\thinkgem\jeesite\modules\act\service\cmd\ModelDeployProcessDefinitionCmd.java
INFO	?	InitialIndex	2016-12-31T07:44:24.399Z	org.javacs.SymbolIndex$1#parseAll	Index k:\Workspace\GitHub\java\jeesite\src\main\java\com\thinkgem\jeesite\modules\act\service\creator\ChainedActivitiesCreator.java
INFO	?	InitialIndex	2016-12-31T07:44:24.420Z	org.javacs.SymbolIndex$1#parseAll	Index k:\Workspace\GitHub\java\jeesite\src\main\java\com\thinkgem\jeesite\modules\act\service\creator\MultiInstanceActivityCreator.java
INFO	?	InitialIndex	2016-12-31T07:44:24.443Z	org.javacs.SymbolIndex$1#parseAll	Index k:\Workspace\GitHub\java\jeesite\src\main\java\com\thinkgem\jeesite\modules\act\service\creator\RuntimeActivityCreator.java
INFO	?	InitialIndex	2016-12-31T07:44:24.461Z	org.javacs.SymbolIndex$1#parseAll	Index k:\Workspace\GitHub\java\jeesite\src\main\java\com\thinkgem\jeesite\modules\act\service\creator\RuntimeActivityCreatorSupport.java
INFO	?	InitialIndex	2016-12-31T07:44:24.486Z	org.javacs.SymbolIndex$1#parseAll	Index k:\Workspace\GitHub\java\jeesite\src\main\java\com\thinkgem\jeesite\modules\act\service\creator\RuntimeActivityDefinitionEntity.java
INFO	?	InitialIndex	2016-12-31T07:44:24.498Z	org.javacs.SymbolIndex$1#parseAll	Index k:\Workspace\GitHub\java\jeesite\src\main\java\com\thinkgem\jeesite\modules\act\service\creator\RuntimeActivityDefinitionEntityIntepreter.java
INFO	?	InitialIndex	2016-12-31T07:44:24.510Z	org.javacs.SymbolIndex$1#parseAll	Index k:\Workspace\GitHub\java\jeesite\src\main\java\com\thinkgem\jeesite\modules\act\service\creator\RuntimeActivityDefinitionManager.java
INFO	?	InitialIndex	2016-12-31T07:44:24.525Z	org.javacs.SymbolIndex$1#parseAll	Index k:\Workspace\GitHub\java\jeesite\src\main\java\com\thinkgem\jeesite\modules\act\service\creator\SimpleRuntimeActivityDefinitionEntity.java
INFO	?	InitialIndex	2016-12-31T07:44:24.538Z	org.javacs.SymbolIndex$1#parseAll	Index k:\Workspace\GitHub\java\jeesite\src\main\java\com\thinkgem\jeesite\modules\act\service\ext\ActGroupEntityService.java
INFO	?	InitialIndex	2016-12-31T07:44:24.554Z	org.javacs.SymbolIndex$1#parseAll	Index k:\Workspace\GitHub\java\jeesite\src\main\java\com\thinkgem\jeesite\modules\act\service\ext\ActGroupEntityServiceFactory.java
INFO	?	InitialIndex	2016-12-31T07:44:24.566Z	org.javacs.SymbolIndex$1#parseAll	Index k:\Workspace\GitHub\java\jeesite\src\main\java\com\thinkgem\jeesite\modules\act\service\ext\ActUserEntityService.java
INFO	?	InitialIndex	2016-12-31T07:44:24.588Z	org.javacs.SymbolIndex$1#parseAll	Index k:\Workspace\GitHub\java\jeesite\src\main\java\com\thinkgem\jeesite\modules\act\service\ext\ActUserEntityServiceFactory.java
INFO	?	InitialIndex	2016-12-31T07:44:24.611Z	org.javacs.SymbolIndex$1#parseAll	Index k:\Workspace\GitHub\java\jeesite\src\main\java\com\thinkgem\jeesite\modules\act\utils\ActUtils.java
INFO	?	InitialIndex	2016-12-31T07:44:24.635Z	org.javacs.SymbolIndex$1#parseAll	Index k:\Workspace\GitHub\java\jeesite\src\main\java\com\thinkgem\jeesite\modules\act\utils\DateConverter.java
INFO	?	InitialIndex	2016-12-31T07:44:24.651Z	org.javacs.SymbolIndex$1#parseAll	Index k:\Workspace\GitHub\java\jeesite\src\main\java\com\thinkgem\jeesite\modules\act\utils\ProcessDefCache.java
INFO	?	InitialIndex	2016-12-31T07:44:24.676Z	org.javacs.SymbolIndex$1#parseAll	Index k:\Workspace\GitHub\java\jeesite\src\main\java\com\thinkgem\jeesite\modules\act\utils\ProcessDefUtils.java
INFO	?	InitialIndex	2016-12-31T07:44:24.694Z	org.javacs.SymbolIndex$1#parseAll	Index k:\Workspace\GitHub\java\jeesite\src\main\java\com\thinkgem\jeesite\modules\act\utils\PropertyType.java
INFO	?	InitialIndex	2016-12-31T07:44:24.709Z	org.javacs.SymbolIndex$1#parseAll	Index k:\Workspace\GitHub\java\jeesite\src\main\java\com\thinkgem\jeesite\modules\act\utils\Variable.java
INFO	?	InitialIndex	2016-12-31T07:44:24.728Z	org.javacs.SymbolIndex$1#parseAll	Index k:\Workspace\GitHub\java\jeesite\src\main\java\com\thinkgem\jeesite\modules\act\web\ActModelController.java
INFO	?	InitialIndex	2016-12-31T07:44:24.740Z	org.javacs.SymbolIndex$1#parseAll	Index k:\Workspace\GitHub\java\jeesite\src\main\java\com\thinkgem\jeesite\modules\act\web\ActProcessController.java
INFO	?	InitialIndex	2016-12-31T07:44:24.763Z	org.javacs.SymbolIndex$1#parseAll	Index k:\Workspace\GitHub\java\jeesite\src\main\java\com\thinkgem\jeesite\modules\act\web\ActTaskController.java
INFO	?	InitialIndex	2016-12-31T07:44:24.791Z	org.javacs.SymbolIndex$1#parseAll	Index k:\Workspace\GitHub\java\jeesite\src\main\java\com\thinkgem\jeesite\modules\cms\dao\ArticleDao.java
INFO	?	InitialIndex	2016-12-31T07:44:24.816Z	org.javacs.SymbolIndex$1#parseAll	Index k:\Workspace\GitHub\java\jeesite\src\main\java\com\thinkgem\jeesite\modules\cms\dao\ArticleDataDao.java
INFO	?	InitialIndex	2016-12-31T07:44:24.826Z	org.javacs.SymbolIndex$1#parseAll	Index k:\Workspace\GitHub\java\jeesite\src\main\java\com\thinkgem\jeesite\modules\cms\dao\CategoryDao.java
INFO	?	InitialIndex	2016-12-31T07:44:24.841Z	org.javacs.SymbolIndex$1#parseAll	Index k:\Workspace\GitHub\java\jeesite\src\main\java\com\thinkgem\jeesite\modules\cms\dao\CommentDao.java
INFO	?	InitialIndex	2016-12-31T07:44:24.856Z	org.javacs.SymbolIndex$1#parseAll	Index k:\Workspace\GitHub\java\jeesite\src\main\java\com\thinkgem\jeesite\modules\cms\dao\GuestbookDao.java
INFO	?	InitialIndex	2016-12-31T07:44:24.868Z	org.javacs.SymbolIndex$1#parseAll	Index k:\Workspace\GitHub\java\jeesite\src\main\java\com\thinkgem\jeesite\modules\cms\dao\LinkDao.java
INFO	?	InitialIndex	2016-12-31T07:44:24.885Z	org.javacs.SymbolIndex$1#parseAll	Index k:\Workspace\GitHub\java\jeesite\src\main\java\com\thinkgem\jeesite\modules\cms\dao\SiteDao.java
INFO	?	InitialIndex	2016-12-31T07:44:24.896Z	org.javacs.SymbolIndex$1#parseAll	Index k:\Workspace\GitHub\java\jeesite\src\main\java\com\thinkgem\jeesite\modules\cms\entity\Article.java
INFO	?	InitialIndex	2016-12-31T07:44:24.933Z	org.javacs.SymbolIndex$1#parseAll	Index k:\Workspace\GitHub\java\jeesite\src\main\java\com\thinkgem\jeesite\modules\cms\entity\ArticleData.java
INFO	?	InitialIndex	2016-12-31T07:44:24.947Z	org.javacs.SymbolIndex$1#parseAll	Index k:\Workspace\GitHub\java\jeesite\src\main\java\com\thinkgem\jeesite\modules\cms\entity\Category.java
INFO	?	InitialIndex	2016-12-31T07:44:24.977Z	org.javacs.SymbolIndex$1#parseAll	Index k:\Workspace\GitHub\java\jeesite\src\main\java\com\thinkgem\jeesite\modules\cms\entity\Comment.java
INFO	?	InitialIndex	2016-12-31T07:44:25.013Z	org.javacs.SymbolIndex$1#parseAll	Index k:\Workspace\GitHub\java\jeesite\src\main\java\com\thinkgem\jeesite\modules\cms\entity\FileTpl.java
INFO	?	InitialIndex	2016-12-31T07:44:25.038Z	org.javacs.SymbolIndex$1#parseAll	Index k:\Workspace\GitHub\java\jeesite\src\main\java\com\thinkgem\jeesite\modules\cms\entity\Guestbook.java
INFO	?	InitialIndex	2016-12-31T07:44:25.062Z	org.javacs.SymbolIndex$1#parseAll	Index k:\Workspace\GitHub\java\jeesite\src\main\java\com\thinkgem\jeesite\modules\cms\entity\Link.java
INFO	?	InitialIndex	2016-12-31T07:44:25.090Z	org.javacs.SymbolIndex$1#parseAll	Index k:\Workspace\GitHub\java\jeesite\src\main\java\com\thinkgem\jeesite\modules\cms\entity\Site.java
INFO	?	InitialIndex	2016-12-31T07:44:25.117Z	org.javacs.SymbolIndex$1#parseAll	Index k:\Workspace\GitHub\java\jeesite\src\main\java\com\thinkgem\jeesite\modules\cms\service\ArticleDataService.java
INFO	?	InitialIndex	2016-12-31T07:44:25.159Z	org.javacs.SymbolIndex$1#parseAll	Index k:\Workspace\GitHub\java\jeesite\src\main\java\com\thinkgem\jeesite\modules\cms\service\ArticleService.java
INFO	?	InitialIndex	2016-12-31T07:44:25.182Z	org.javacs.SymbolIndex$1#parseAll	Index k:\Workspace\GitHub\java\jeesite\src\main\java\com\thinkgem\jeesite\modules\cms\service\CategoryService.java
INFO	?	InitialIndex	2016-12-31T07:44:25.198Z	org.javacs.SymbolIndex$1#parseAll	Index k:\Workspace\GitHub\java\jeesite\src\main\java\com\thinkgem\jeesite\modules\cms\service\CommentService.java
INFO	?	InitialIndex	2016-12-31T07:44:25.240Z	org.javacs.SymbolIndex$1#parseAll	Index k:\Workspace\GitHub\java\jeesite\src\main\java\com\thinkgem\jeesite\modules\cms\service\FileTplService.java
INFO	?	InitialIndex	2016-12-31T07:44:25.276Z	org.javacs.SymbolIndex$1#parseAll	Index k:\Workspace\GitHub\java\jeesite\src\main\java\com\thinkgem\jeesite\modules\cms\service\GuestbookService.java
INFO	?	InitialIndex	2016-12-31T07:44:25.297Z	org.javacs.SymbolIndex$1#parseAll	Index k:\Workspace\GitHub\java\jeesite\src\main\java\com\thinkgem\jeesite\modules\cms\service\LinkService.java
INFO	?	InitialIndex	2016-12-31T07:44:25.309Z	org.javacs.SymbolIndex$1#parseAll	Index k:\Workspace\GitHub\java\jeesite\src\main\java\com\thinkgem\jeesite\modules\cms\service\SiteService.java
INFO	?	InitialIndex	2016-12-31T07:44:25.323Z	org.javacs.SymbolIndex$1#parseAll	Index k:\Workspace\GitHub\java\jeesite\src\main\java\com\thinkgem\jeesite\modules\cms\service\StatsService.java
INFO	?	InitialIndex	2016-12-31T07:44:25.335Z	org.javacs.SymbolIndex$1#parseAll	Index k:\Workspace\GitHub\java\jeesite\src\main\java\com\thinkgem\jeesite\modules\cms\utils\CmsUtils.java
INFO	?	InitialIndex	2016-12-31T07:44:25.350Z	org.javacs.SymbolIndex$1#parseAll	Index k:\Workspace\GitHub\java\jeesite\src\main\java\com\thinkgem\jeesite\modules\cms\utils\TplUtils.java
INFO	?	InitialIndex	2016-12-31T07:44:25.357Z	org.javacs.SymbolIndex$1#parseAll	Index k:\Workspace\GitHub\java\jeesite\src\main\java\com\thinkgem\jeesite\modules\cms\utils\WiexinSignUtil.java
INFO	?	InitialIndex	2016-12-31T07:44:25.373Z	org.javacs.SymbolIndex$1#parseAll	Index k:\Workspace\GitHub\java\jeesite\src\main\java\com\thinkgem\jeesite\modules\cms\web\ArticleController.java
INFO	?	InitialIndex	2016-12-31T07:44:25.387Z	org.javacs.SymbolIndex$1#parseAll	Index k:\Workspace\GitHub\java\jeesite\src\main\java\com\thinkgem\jeesite\modules\cms\web\CategoryController.java
INFO	?	InitialIndex	2016-12-31T07:44:25.403Z	org.javacs.SymbolIndex$1#parseAll	Index k:\Workspace\GitHub\java\jeesite\src\main\java\com\thinkgem\jeesite\modules\cms\web\CmsController.java
INFO	?	InitialIndex	2016-12-31T07:44:25.417Z	org.javacs.SymbolIndex$1#parseAll	Index k:\Workspace\GitHub\java\jeesite\src\main\java\com\thinkgem\jeesite\modules\cms\web\CommentController.java
INFO	?	InitialIndex	2016-12-31T07:44:25.443Z	org.javacs.SymbolIndex$1#parseAll	Index k:\Workspace\GitHub\java\jeesite\src\main\java\com\thinkgem\jeesite\modules\cms\web\front\FrontController.java
INFO	?	InitialIndex	2016-12-31T07:44:25.482Z	org.javacs.SymbolIndex$1#parseAll	Index k:\Workspace\GitHub\java\jeesite\src\main\java\com\thinkgem\jeesite\modules\cms\web\front\FrontGuestbookController.java
INFO	?	InitialIndex	2016-12-31T07:44:25.505Z	org.javacs.SymbolIndex$1#parseAll	Index k:\Workspace\GitHub\java\jeesite\src\main\java\com\thinkgem\jeesite\modules\cms\web\front\FrontSearchController.java
INFO	?	InitialIndex	2016-12-31T07:44:25.529Z	org.javacs.SymbolIndex$1#parseAll	Index k:\Workspace\GitHub\java\jeesite\src\main\java\com\thinkgem\jeesite\modules\cms\web\front\WeixinController.java
INFO	?	InitialIndex	2016-12-31T07:44:25.542Z	org.javacs.SymbolIndex$1#parseAll	Index k:\Workspace\GitHub\java\jeesite\src\main\java\com\thinkgem\jeesite\modules\cms\web\GuestbookController.java
INFO	?	InitialIndex	2016-12-31T07:44:25.558Z	org.javacs.SymbolIndex$1#parseAll	Index k:\Workspace\GitHub\java\jeesite\src\main\java\com\thinkgem\jeesite\modules\cms\web\LinkController.java
INFO	?	InitialIndex	2016-12-31T07:44:25.582Z	org.javacs.SymbolIndex$1#parseAll	Index k:\Workspace\GitHub\java\jeesite\src\main\java\com\thinkgem\jeesite\modules\cms\web\SiteController.java
INFO	?	InitialIndex	2016-12-31T07:44:25.597Z	org.javacs.SymbolIndex$1#parseAll	Index k:\Workspace\GitHub\java\jeesite\src\main\java\com\thinkgem\jeesite\modules\cms\web\StatsController.java
INFO	?	InitialIndex	2016-12-31T07:44:25.620Z	org.javacs.SymbolIndex$1#parseAll	Index k:\Workspace\GitHub\java\jeesite\src\main\java\com\thinkgem\jeesite\modules\cms\web\TemplateController.java
INFO	?	InitialIndex	2016-12-31T07:44:25.631Z	org.javacs.SymbolIndex$1#parseAll	Index k:\Workspace\GitHub\java\jeesite\src\main\java\com\thinkgem\jeesite\modules\gen\dao\GenDataBaseDictDao.java
INFO	?	InitialIndex	2016-12-31T07:44:25.638Z	org.javacs.SymbolIndex$1#parseAll	Index k:\Workspace\GitHub\java\jeesite\src\main\java\com\thinkgem\jeesite\modules\gen\dao\GenSchemeDao.java
INFO	?	InitialIndex	2016-12-31T07:44:25.650Z	org.javacs.SymbolIndex$1#parseAll	Index k:\Workspace\GitHub\java\jeesite\src\main\java\com\thinkgem\jeesite\modules\gen\dao\GenTableColumnDao.java
INFO	?	InitialIndex	2016-12-31T07:44:25.663Z	org.javacs.SymbolIndex$1#parseAll	Index k:\Workspace\GitHub\java\jeesite\src\main\java\com\thinkgem\jeesite\modules\gen\dao\GenTableDao.java
INFO	?	InitialIndex	2016-12-31T07:44:25.673Z	org.javacs.SymbolIndex$1#parseAll	Index k:\Workspace\GitHub\java\jeesite\src\main\java\com\thinkgem\jeesite\modules\gen\dao\GenTemplateDao.java
INFO	?	InitialIndex	2016-12-31T07:44:25.691Z	org.javacs.SymbolIndex$1#parseAll	Index k:\Workspace\GitHub\java\jeesite\src\main\java\com\thinkgem\jeesite\modules\gen\entity\GenCategory.java
INFO	?	InitialIndex	2016-12-31T07:44:25.716Z	org.javacs.SymbolIndex$1#parseAll	Index k:\Workspace\GitHub\java\jeesite\src\main\java\com\thinkgem\jeesite\modules\gen\entity\GenConfig.java
INFO	?	InitialIndex	2016-12-31T07:44:25.728Z	org.javacs.SymbolIndex$1#parseAll	Index k:\Workspace\GitHub\java\jeesite\src\main\java\com\thinkgem\jeesite\modules\gen\entity\GenScheme.java
INFO	?	InitialIndex	2016-12-31T07:44:25.746Z	org.javacs.SymbolIndex$1#parseAll	Index k:\Workspace\GitHub\java\jeesite\src\main\java\com\thinkgem\jeesite\modules\gen\entity\GenTable.java
INFO	?	InitialIndex	2016-12-31T07:44:25.768Z	org.javacs.SymbolIndex$1#parseAll	Index k:\Workspace\GitHub\java\jeesite\src\main\java\com\thinkgem\jeesite\modules\gen\entity\GenTableColumn.java
INFO	?	InitialIndex	2016-12-31T07:44:25.789Z	org.javacs.SymbolIndex$1#parseAll	Index k:\Workspace\GitHub\java\jeesite\src\main\java\com\thinkgem\jeesite\modules\gen\entity\GenTemplate.java
INFO	?	InitialIndex	2016-12-31T07:44:25.805Z	org.javacs.SymbolIndex$1#parseAll	Index k:\Workspace\GitHub\java\jeesite\src\main\java\com\thinkgem\jeesite\modules\gen\service\GenSchemeService.java
INFO	?	InitialIndex	2016-12-31T07:44:25.826Z	org.javacs.SymbolIndex$1#parseAll	Index k:\Workspace\GitHub\java\jeesite\src\main\java\com\thinkgem\jeesite\modules\gen\service\GenTableService.java
INFO	?	InitialIndex	2016-12-31T07:44:25.840Z	org.javacs.SymbolIndex$1#parseAll	Index k:\Workspace\GitHub\java\jeesite\src\main\java\com\thinkgem\jeesite\modules\gen\service\GenTemplateService.java
INFO	?	InitialIndex	2016-12-31T07:44:25.870Z	org.javacs.SymbolIndex$1#parseAll	Index k:\Workspace\GitHub\java\jeesite\src\main\java\com\thinkgem\jeesite\modules\gen\util\GenUtils.java
INFO	?	InitialIndex	2016-12-31T07:44:25.904Z	org.javacs.SymbolIndex$1#parseAll	Index k:\Workspace\GitHub\java\jeesite\src\main\java\com\thinkgem\jeesite\modules\gen\web\GenSchemeController.java
INFO	?	InitialIndex	2016-12-31T07:44:25.921Z	org.javacs.SymbolIndex$1#parseAll	Index k:\Workspace\GitHub\java\jeesite\src\main\java\com\thinkgem\jeesite\modules\gen\web\GenTableController.java
INFO	?	InitialIndex	2016-12-31T07:44:25.936Z	org.javacs.SymbolIndex$1#parseAll	Index k:\Workspace\GitHub\java\jeesite\src\main\java\com\thinkgem\jeesite\modules\gen\web\GenTemplateController.java
INFO	?	InitialIndex	2016-12-31T07:44:25.975Z	org.javacs.SymbolIndex$1#parseAll	Index k:\Workspace\GitHub\java\jeesite\src\main\java\com\thinkgem\jeesite\modules\oa\dao\LeaveDao.java
INFO	?	InitialIndex	2016-12-31T07:44:26.005Z	org.javacs.SymbolIndex$1#parseAll	Index k:\Workspace\GitHub\java\jeesite\src\main\java\com\thinkgem\jeesite\modules\oa\dao\OaNotifyDao.java
INFO	?	InitialIndex	2016-12-31T07:44:26.020Z	org.javacs.SymbolIndex$1#parseAll	Index k:\Workspace\GitHub\java\jeesite\src\main\java\com\thinkgem\jeesite\modules\oa\dao\OaNotifyRecordDao.java
INFO	?	InitialIndex	2016-12-31T07:44:26.038Z	org.javacs.SymbolIndex$1#parseAll	Index k:\Workspace\GitHub\java\jeesite\src\main\java\com\thinkgem\jeesite\modules\oa\dao\TestAuditDao.java
INFO	?	InitialIndex	2016-12-31T07:44:26.044Z	org.javacs.SymbolIndex$1#parseAll	Index k:\Workspace\GitHub\java\jeesite\src\main\java\com\thinkgem\jeesite\modules\oa\entity\Leave.java
INFO	?	InitialIndex	2016-12-31T07:44:26.082Z	org.javacs.SymbolIndex$1#parseAll	Index k:\Workspace\GitHub\java\jeesite\src\main\java\com\thinkgem\jeesite\modules\oa\entity\OaNotify.java
INFO	?	InitialIndex	2016-12-31T07:44:26.108Z	org.javacs.SymbolIndex$1#parseAll	Index k:\Workspace\GitHub\java\jeesite\src\main\java\com\thinkgem\jeesite\modules\oa\entity\OaNotifyRecord.java
INFO	?	InitialIndex	2016-12-31T07:44:26.120Z	org.javacs.SymbolIndex$1#parseAll	Index k:\Workspace\GitHub\java\jeesite\src\main\java\com\thinkgem\jeesite\modules\oa\entity\TestAudit.java
INFO	?	InitialIndex	2016-12-31T07:44:26.136Z	org.javacs.SymbolIndex$1#parseAll	Index k:\Workspace\GitHub\java\jeesite\src\main\java\com\thinkgem\jeesite\modules\oa\service\LeaveModifyProcessor.java
INFO	?	InitialIndex	2016-12-31T07:44:26.153Z	org.javacs.SymbolIndex$1#parseAll	Index k:\Workspace\GitHub\java\jeesite\src\main\java\com\thinkgem\jeesite\modules\oa\service\LeaveReportProcessor.java
INFO	?	InitialIndex	2016-12-31T07:44:26.162Z	org.javacs.SymbolIndex$1#parseAll	Index k:\Workspace\GitHub\java\jeesite\src\main\java\com\thinkgem\jeesite\modules\oa\service\LeaveService.java
INFO	?	InitialIndex	2016-12-31T07:44:26.192Z	org.javacs.SymbolIndex$1#parseAll	Index k:\Workspace\GitHub\java\jeesite\src\main\java\com\thinkgem\jeesite\modules\oa\service\OaNotifyService.java
INFO	?	InitialIndex	2016-12-31T07:44:26.202Z	org.javacs.SymbolIndex$1#parseAll	Index k:\Workspace\GitHub\java\jeesite\src\main\java\com\thinkgem\jeesite\modules\oa\service\TestAuditService.java
INFO	?	InitialIndex	2016-12-31T07:44:26.213Z	org.javacs.SymbolIndex$1#parseAll	Index k:\Workspace\GitHub\java\jeesite\src\main\java\com\thinkgem\jeesite\modules\oa\web\LeaveController.java
INFO	?	InitialIndex	2016-12-31T07:44:26.231Z	org.javacs.SymbolIndex$1#parseAll	Index k:\Workspace\GitHub\java\jeesite\src\main\java\com\thinkgem\jeesite\modules\oa\web\OaNotifyController.java
INFO	?	InitialIndex	2016-12-31T07:44:26.250Z	org.javacs.SymbolIndex$1#parseAll	Index k:\Workspace\GitHub\java\jeesite\src\main\java\com\thinkgem\jeesite\modules\oa\web\TestAuditController.java
INFO	?	InitialIndex	2016-12-31T07:44:26.272Z	org.javacs.SymbolIndex$1#parseAll	Index k:\Workspace\GitHub\java\jeesite\src\main\java\com\thinkgem\jeesite\modules\sys\dao\AreaDao.java
INFO	?	InitialIndex	2016-12-31T07:44:26.310Z	org.javacs.SymbolIndex$1#parseAll	Index k:\Workspace\GitHub\java\jeesite\src\main\java\com\thinkgem\jeesite\modules\sys\dao\DictDao.java
INFO	?	InitialIndex	2016-12-31T07:44:26.324Z	org.javacs.SymbolIndex$1#parseAll	Index k:\Workspace\GitHub\java\jeesite\src\main\java\com\thinkgem\jeesite\modules\sys\dao\LogDao.java
INFO	?	InitialIndex	2016-12-31T07:44:26.345Z	org.javacs.SymbolIndex$1#parseAll	Index k:\Workspace\GitHub\java\jeesite\src\main\java\com\thinkgem\jeesite\modules\sys\dao\MenuDao.java
INFO	?	InitialIndex	2016-12-31T07:44:26.402Z	org.javacs.SymbolIndex$1#parseAll	Index k:\Workspace\GitHub\java\jeesite\src\main\java\com\thinkgem\jeesite\modules\sys\dao\OfficeDao.java
INFO	?	InitialIndex	2016-12-31T07:44:26.444Z	org.javacs.SymbolIndex$1#parseAll	Index k:\Workspace\GitHub\java\jeesite\src\main\java\com\thinkgem\jeesite\modules\sys\dao\RoleDao.java
INFO	?	InitialIndex	2016-12-31T07:44:26.462Z	org.javacs.SymbolIndex$1#parseAll	Index k:\Workspace\GitHub\java\jeesite\src\main\java\com\thinkgem\jeesite\modules\sys\dao\UserDao.java
INFO	?	InitialIndex	2016-12-31T07:44:26.482Z	org.javacs.SymbolIndex$1#parseAll	Index k:\Workspace\GitHub\java\jeesite\src\main\java\com\thinkgem\jeesite\modules\sys\entity\Area.java
INFO	?	InitialIndex	2016-12-31T07:44:26.494Z	org.javacs.SymbolIndex$1#parseAll	Index k:\Workspace\GitHub\java\jeesite\src\main\java\com\thinkgem\jeesite\modules\sys\entity\Dict.java
INFO	?	InitialIndex	2016-12-31T07:44:26.507Z	org.javacs.SymbolIndex$1#parseAll	Index k:\Workspace\GitHub\java\jeesite\src\main\java\com\thinkgem\jeesite\modules\sys\entity\Log.java
INFO	?	InitialIndex	2016-12-31T07:44:26.554Z	org.javacs.SymbolIndex$1#parseAll	Index k:\Workspace\GitHub\java\jeesite\src\main\java\com\thinkgem\jeesite\modules\sys\entity\Menu.java
INFO	?	InitialIndex	2016-12-31T07:44:26.632Z	org.javacs.SymbolIndex$1#parseAll	Index k:\Workspace\GitHub\java\jeesite\src\main\java\com\thinkgem\jeesite\modules\sys\entity\Office.java
INFO	?	InitialIndex	2016-12-31T07:44:26.708Z	org.javacs.SymbolIndex$1#parseAll	Index k:\Workspace\GitHub\java\jeesite\src\main\java\com\thinkgem\jeesite\modules\sys\entity\Role.java
INFO	?	InitialIndex	2016-12-31T07:44:26.729Z	org.javacs.SymbolIndex$1#parseAll	Index k:\Workspace\GitHub\java\jeesite\src\main\java\com\thinkgem\jeesite\modules\sys\entity\User.java
INFO	?	InitialIndex	2016-12-31T07:44:26.754Z	org.javacs.SymbolIndex$1#parseAll	Index k:\Workspace\GitHub\java\jeesite\src\main\java\com\thinkgem\jeesite\modules\sys\interceptor\LogInterceptor.java
INFO	?	InitialIndex	2016-12-31T07:44:26.773Z	org.javacs.SymbolIndex$1#parseAll	Index k:\Workspace\GitHub\java\jeesite\src\main\java\com\thinkgem\jeesite\modules\sys\interceptor\MobileInterceptor.java
INFO	?	InitialIndex	2016-12-31T07:44:26.809Z	org.javacs.SymbolIndex$1#parseAll	Index k:\Workspace\GitHub\java\jeesite\src\main\java\com\thinkgem\jeesite\modules\sys\listener\WebContextListener.java
INFO	?	InitialIndex	2016-12-31T07:44:26.872Z	org.javacs.SymbolIndex$1#parseAll	Index k:\Workspace\GitHub\java\jeesite\src\main\java\com\thinkgem\jeesite\modules\sys\security\FormAuthenticationFilter.java
INFO	?	InitialIndex	2016-12-31T07:44:26.904Z	org.javacs.SymbolIndex$1#parseAll	Index k:\Workspace\GitHub\java\jeesite\src\main\java\com\thinkgem\jeesite\modules\sys\security\SystemAuthorizingRealm.java
INFO	?	InitialIndex	2016-12-31T07:44:26.959Z	org.javacs.SymbolIndex$1#parseAll	Index k:\Workspace\GitHub\java\jeesite\src\main\java\com\thinkgem\jeesite\modules\sys\security\UsernamePasswordToken.java
INFO	?	InitialIndex	2016-12-31T07:44:27.089Z	org.javacs.SymbolIndex$1#parseAll	Index k:\Workspace\GitHub\java\jeesite\src\main\java\com\thinkgem\jeesite\modules\sys\service\AreaService.java
INFO	?	InitialIndex	2016-12-31T07:44:27.154Z	org.javacs.SymbolIndex$1#parseAll	Index k:\Workspace\GitHub\java\jeesite\src\main\java\com\thinkgem\jeesite\modules\sys\service\DictService.java
INFO	?	InitialIndex	2016-12-31T07:44:27.344Z	org.javacs.SymbolIndex$1#parseAll	Index k:\Workspace\GitHub\java\jeesite\src\main\java\com\thinkgem\jeesite\modules\sys\service\LogService.java
INFO	?	InitialIndex	2016-12-31T07:44:27.389Z	org.javacs.SymbolIndex$1#parseAll	Index k:\Workspace\GitHub\java\jeesite\src\main\java\com\thinkgem\jeesite\modules\sys\service\OfficeService.java
INFO	?	InitialIndex	2016-12-31T07:44:27.402Z	org.javacs.SymbolIndex$1#parseAll	Index k:\Workspace\GitHub\java\jeesite\src\main\java\com\thinkgem\jeesite\modules\sys\service\SystemService.java
INFO	?	InitialIndex	2016-12-31T07:44:27.478Z	org.javacs.SymbolIndex$1#parseAll	Index k:\Workspace\GitHub\java\jeesite\src\main\java\com\thinkgem\jeesite\modules\sys\utils\DictUtils.java
INFO	?	InitialIndex	2016-12-31T07:44:27.527Z	org.javacs.SymbolIndex$1#parseAll	Index k:\Workspace\GitHub\java\jeesite\src\main\java\com\thinkgem\jeesite\modules\sys\utils\LogUtils.java
INFO	?	InitialIndex	2016-12-31T07:44:27.562Z	org.javacs.SymbolIndex$1#parseAll	Index k:\Workspace\GitHub\java\jeesite\src\main\java\com\thinkgem\jeesite\modules\sys\utils\UserUtils.java
INFO	?	main	2016-12-31T07:44:27.585Z	org.javacs.JavaLanguageServer#buildClassPath	Emit classpath to C:\Users\zhout\AppData\Local\Temp\classpath1281306347794432817.txt
INFO	?	InitialIndex	2016-12-31T07:44:27.596Z	org.javacs.SymbolIndex$1#parseAll	Index k:\Workspace\GitHub\java\jeesite\src\main\java\com\thinkgem\jeesite\modules\sys\web\AreaController.java
INFO	?	InitialIndex	2016-12-31T07:44:27.628Z	org.javacs.SymbolIndex$1#parseAll	Index k:\Workspace\GitHub\java\jeesite\src\main\java\com\thinkgem\jeesite\modules\sys\web\DictController.java
INFO	?	InitialIndex	2016-12-31T07:44:27.660Z	org.javacs.SymbolIndex$1#parseAll	Index k:\Workspace\GitHub\java\jeesite\src\main\java\com\thinkgem\jeesite\modules\sys\web\LogController.java
INFO	?	InitialIndex	2016-12-31T07:44:27.673Z	org.javacs.SymbolIndex$1#parseAll	Index k:\Workspace\GitHub\java\jeesite\src\main\java\com\thinkgem\jeesite\modules\sys\web\LoginController.java
INFO	?	InitialIndex	2016-12-31T07:44:27.695Z	org.javacs.SymbolIndex$1#parseAll	Index k:\Workspace\GitHub\java\jeesite\src\main\java\com\thinkgem\jeesite\modules\sys\web\MenuController.java
INFO	?	InitialIndex	2016-12-31T07:44:27.721Z	org.javacs.SymbolIndex$1#parseAll	Index k:\Workspace\GitHub\java\jeesite\src\main\java\com\thinkgem\jeesite\modules\sys\web\OfficeController.java
INFO	?	InitialIndex	2016-12-31T07:44:27.748Z	org.javacs.SymbolIndex$1#parseAll	Index k:\Workspace\GitHub\java\jeesite\src\main\java\com\thinkgem\jeesite\modules\sys\web\RoleController.java
INFO	?	InitialIndex	2016-12-31T07:44:27.779Z	org.javacs.SymbolIndex$1#parseAll	Index k:\Workspace\GitHub\java\jeesite\src\main\java\com\thinkgem\jeesite\modules\sys\web\TagController.java
INFO	?	InitialIndex	2016-12-31T07:44:27.795Z	org.javacs.SymbolIndex$1#parseAll	Index k:\Workspace\GitHub\java\jeesite\src\main\java\com\thinkgem\jeesite\modules\sys\web\UserController.java
INFO	?	InitialIndex	2016-12-31T07:44:27.801Z	org.javacs.SymbolIndex$1#parseAll	Index k:\Workspace\GitHub\java\jeesite\src\main\java\com\thinkgem\jeesite\modules\test\dao\TestDao.java
INFO	?	InitialIndex	2016-12-31T07:44:27.809Z	org.javacs.SymbolIndex$1#parseAll	Index k:\Workspace\GitHub\java\jeesite\src\main\java\com\thinkgem\jeesite\modules\test\entity\Test.java
INFO	?	InitialIndex	2016-12-31T07:44:27.834Z	org.javacs.SymbolIndex$1#parseAll	Index k:\Workspace\GitHub\java\jeesite\src\main\java\com\thinkgem\jeesite\modules\test\service\TestService.java
INFO	?	InitialIndex	2016-12-31T07:44:27.853Z	org.javacs.SymbolIndex$1#parseAll	Index k:\Workspace\GitHub\java\jeesite\src\main\java\com\thinkgem\jeesite\modules\test\web\TestController.java
INFO	?	InitialIndex	2016-12-31T07:44:27.870Z	org.javacs.SymbolIndex$1#parseAll	Index k:\Workspace\GitHub\java\jeesite\src\main\java\com\thinkgem\jeesite\test\dao\TestDataChildDao.java
INFO	?	InitialIndex	2016-12-31T07:44:27.878Z	org.javacs.SymbolIndex$1#parseAll	Index k:\Workspace\GitHub\java\jeesite\src\main\java\com\thinkgem\jeesite\test\dao\TestDataDao.java
INFO	?	InitialIndex	2016-12-31T07:44:27.885Z	org.javacs.SymbolIndex$1#parseAll	Index k:\Workspace\GitHub\java\jeesite\src\main\java\com\thinkgem\jeesite\test\dao\TestDataMainDao.java
INFO	?	InitialIndex	2016-12-31T07:44:27.899Z	org.javacs.SymbolIndex$1#parseAll	Index k:\Workspace\GitHub\java\jeesite\src\main\java\com\thinkgem\jeesite\test\dao\TestTreeDao.java
INFO	?	InitialIndex	2016-12-31T07:44:27.909Z	org.javacs.SymbolIndex$1#parseAll	Index k:\Workspace\GitHub\java\jeesite\src\main\java\com\thinkgem\jeesite\test\entity\TestData.java
INFO	?	InitialIndex	2016-12-31T07:44:27.934Z	org.javacs.SymbolIndex$1#parseAll	Index k:\Workspace\GitHub\java\jeesite\src\main\java\com\thinkgem\jeesite\test\entity\TestDataChild.java
INFO	?	InitialIndex	2016-12-31T07:44:27.952Z	org.javacs.SymbolIndex$1#parseAll	Index k:\Workspace\GitHub\java\jeesite\src\main\java\com\thinkgem\jeesite\test\entity\TestDataMain.java
INFO	?	InitialIndex	2016-12-31T07:44:27.972Z	org.javacs.SymbolIndex$1#parseAll	Index k:\Workspace\GitHub\java\jeesite\src\main\java\com\thinkgem\jeesite\test\entity\TestTree.java
INFO	?	InitialIndex	2016-12-31T07:44:27.992Z	org.javacs.SymbolIndex$1#parseAll	Index k:\Workspace\GitHub\java\jeesite\src\main\java\com\thinkgem\jeesite\test\service\TestDataMainService.java
INFO	?	InitialIndex	2016-12-31T07:44:28.003Z	org.javacs.SymbolIndex$1#parseAll	Index k:\Workspace\GitHub\java\jeesite\src\main\java\com\thinkgem\jeesite\test\service\TestDataService.java
INFO	?	InitialIndex	2016-12-31T07:44:28.025Z	org.javacs.SymbolIndex$1#parseAll	Index k:\Workspace\GitHub\java\jeesite\src\main\java\com\thinkgem\jeesite\test\service\TestTreeService.java
INFO	?	InitialIndex	2016-12-31T07:44:28.039Z	org.javacs.SymbolIndex$1#parseAll	Index k:\Workspace\GitHub\java\jeesite\src\main\java\com\thinkgem\jeesite\test\web\TestDataController.java
INFO	?	InitialIndex	2016-12-31T07:44:28.051Z	org.javacs.SymbolIndex$1#parseAll	Index k:\Workspace\GitHub\java\jeesite\src\main\java\com\thinkgem\jeesite\test\web\TestDataMainController.java
INFO	?	InitialIndex	2016-12-31T07:44:28.073Z	org.javacs.SymbolIndex$1#parseAll	Index k:\Workspace\GitHub\java\jeesite\src\main\java\com\thinkgem\jeesite\test\web\TestTreeController.java
INFO	?	InitialIndex	2016-12-31T07:44:28.105Z	org.javacs.SymbolIndex$1#parseAll	Index k:\Workspace\GitHub\java\jeesite\src\main\java\org\activiti\editor\language\json\converter\BpmnJsonConverter.java
INFO	?	InitialIndex	2016-12-31T07:44:28.139Z	org.javacs.SymbolIndex$1#parseAll	Index k:\Workspace\GitHub\java\jeesite\src\main\java\org\apache\ibatis\builder\xml\XMLMapperBuilder.java
INFO	?	InitialIndex	2016-12-31T07:44:28.169Z	org.javacs.SymbolIndex$1#parseAll	Index k:\Workspace\GitHub\java\jeesite\src\main\java\org\apache\ibatis\session\Configuration.java
INFO	?	InitialIndex	2016-12-31T07:44:28.200Z	org.javacs.SymbolIndex$1#parseAll	Index k:\Workspace\GitHub\java\jeesite\src\main\java\org\apache\ibatis\thread\PropertiesUtil.java
INFO	?	InitialIndex	2016-12-31T07:44:28.228Z	org.javacs.SymbolIndex$1#parseAll	Index k:\Workspace\GitHub\java\jeesite\src\main\java\org\apache\ibatis\thread\Runnable.java
INFO	?	InitialIndex	2016-12-31T07:44:28.257Z	org.javacs.SymbolIndex$1#parseAll	Index k:\Workspace\GitHub\java\jeesite\src\main\java\org\mybatis\spring\SqlSessionFactoryBean.java
INFO	?	main	2016-12-31T07:44:38.936Z	org.javacs.JavaLanguageServer#sourceDirectories	Use default source directory src/main/java
INFO	?	main	2016-12-31T07:44:38.941Z	org.javacs.JavaLanguageServer#sourceDirectories	Use default test directory src/test/java
INFO	?	main	2016-12-31T07:44:53.249Z	org.javacs.JavaLanguageServer#doLint	Lint [k:\Workspace\GitHub\java\jeesite\src\main\java\com\thinkgem\jeesite\common\utils\UploadUtils.java]
INFO	?	main	2016-12-31T07:44:53.255Z	org.javacs.JavaLanguageServer#buildClassPath	Emit classpath to C:\Users\zhout\AppData\Local\Temp\classpath813488634307490681.txt
INFO	?	main	2016-12-31T07:45:03.838Z	org.javacs.JavaLanguageServer#sourceDirectories	Use default source directory src/main/java
INFO	?	main	2016-12-31T07:45:03.839Z	org.javacs.JavaLanguageServer#sourceDirectories	Use default test directory src/test/java
INFO	?	main	2016-12-31T07:45:03.898Z	org.javacs.JavaLanguageServer#doLint	Lint [k:\Workspace\GitHub\java\jeesite\src\main\java\com\thinkgem\jeesite\common\utils\Encodes.java]
INFO	?	main	2016-12-31T07:45:03.904Z	org.javacs.JavaLanguageServer#buildClassPath	Emit classpath to C:\Users\zhout\AppData\Local\Temp\classpath2964454688522436727.txt
INFO	?	main	2016-12-31T07:45:10.647Z	org.javacs.JavaLanguageServer#sourceDirectories	Use default source directory src/main/java
INFO	?	main	2016-12-31T07:45:10.649Z	org.javacs.JavaLanguageServer#sourceDirectories	Use default test directory src/test/java
